==240205== Memcheck, a memory error detector
==240205== Copyright (C) 2002-2017, and GNU GPL'd, by Julian Seward et al.
==240205== Using Valgrind-3.15.0 and LibVEX; rerun with -h for copyright info
==240205== Command: ./a.out
==240205== 
==240205== Invalid read of size 8
==240205==    at 0x1091CB: freeList (main.c:13)
==240205==    by 0x10924B: main (main.c:25)
==240205==  Address 0x4a73048 is 8 bytes inside a block of size 16 free'd
==240205==    at 0x483CA3F: free (in /usr/lib/x86_64-linux-gnu/valgrind/vgpreload_memcheck-amd64-linux.so)
==240205==    by 0x1091C6: freeList (main.c:12)
==240205==    by 0x10924B: main (main.c:25)
==240205==  Block was alloc'd at
==240205==    at 0x483B7F3: malloc (in /usr/lib/x86_64-linux-gnu/valgrind/vgpreload_memcheck-amd64-linux.so)
==240205==    by 0x109277: createNode (linkedlist.c:5)
==240205==    by 0x1091F3: main (main.c:19)
==240205== 
==240205== 
==240205== HEAP SUMMARY:
==240205==     in use at exit: 0 bytes in 0 blocks
==240205==   total heap usage: 3 allocs, 3 frees, 1,056 bytes allocated
==240205== 
==240205== All heap blocks were freed -- no leaks are possible
==240205== 
==240205== ERROR SUMMARY: 2 errors from 1 contexts (suppressed: 0 from 0)
==240205== 
==240205== 2 errors in context 1 of 1:
==240205== Invalid read of size 8
==240205==    at 0x1091CB: freeList (main.c:13)
==240205==    by 0x10924B: main (main.c:25)
==240205==  Address 0x4a73048 is 8 bytes inside a block of size 16 free'd
==240205==    at 0x483CA3F: free (in /usr/lib/x86_64-linux-gnu/valgrind/vgpreload_memcheck-amd64-linux.so)
==240205==    by 0x1091C6: freeList (main.c:12)
==240205==    by 0x10924B: main (main.c:25)
==240205==  Block was alloc'd at
==240205==    at 0x483B7F3: malloc (in /usr/lib/x86_64-linux-gnu/valgrind/vgpreload_memcheck-amd64-linux.so)
==240205==    by 0x109277: createNode (linkedlist.c:5)
==240205==    by 0x1091F3: main (main.c:19)
==240205== 
==240205== ERROR SUMMARY: 2 errors from 1 contexts (suppressed: 0 from 0)
