==15928== Memcheck, a memory error detector
==15928== Copyright (C) 2002-2017, and GNU GPL'd, by Julian Seward et al.
==15928== Using Valgrind-3.15.0 and LibVEX; rerun with -h for copyright info
==15928== Command: ./a.out
==15928== 
==15928== Conditional jump or move depends on uninitialised value(s)
==15928==    at 0x48F5958: __vfprintf_internal (vfprintf-internal.c:1687)
==15928==    by 0x48DFD3E: printf (printf.c:33)
==15928==    by 0x109260: main (main.c:27)
==15928==  Uninitialised value was created by a stack allocation
==15928==    at 0x1091A9: listLength (main.c:8)
==15928== 
==15928== Use of uninitialised value of size 8
==15928==    at 0x48D969B: _itoa_word (_itoa.c:179)
==15928==    by 0x48F5574: __vfprintf_internal (vfprintf-internal.c:1687)
==15928==    by 0x48DFD3E: printf (printf.c:33)
==15928==    by 0x109260: main (main.c:27)
==15928==  Uninitialised value was created by a stack allocation
==15928==    at 0x1091A9: listLength (main.c:8)
==15928== 
==15928== Conditional jump or move depends on uninitialised value(s)
==15928==    at 0x48D96AD: _itoa_word (_itoa.c:179)
==15928==    by 0x48F5574: __vfprintf_internal (vfprintf-internal.c:1687)
==15928==    by 0x48DFD3E: printf (printf.c:33)
==15928==    by 0x109260: main (main.c:27)
==15928==  Uninitialised value was created by a stack allocation
==15928==    at 0x1091A9: listLength (main.c:8)
==15928== 
==15928== Conditional jump or move depends on uninitialised value(s)
==15928==    at 0x48F6228: __vfprintf_internal (vfprintf-internal.c:1687)
==15928==    by 0x48DFD3E: printf (printf.c:33)
==15928==    by 0x109260: main (main.c:27)
==15928==  Uninitialised value was created by a stack allocation
==15928==    at 0x1091A9: listLength (main.c:8)
==15928== 
==15928== Conditional jump or move depends on uninitialised value(s)
==15928==    at 0x48F56EE: __vfprintf_internal (vfprintf-internal.c:1687)
==15928==    by 0x48DFD3E: printf (printf.c:33)
==15928==    by 0x109260: main (main.c:27)
==15928==  Uninitialised value was created by a stack allocation
==15928==    at 0x1091A9: listLength (main.c:8)
==15928== 
==15928== Invalid read of size 8
==15928==    at 0x1091CB: listLength (main.c:10)
==15928==    by 0x109280: main (main.c:33)
==15928==  Address 0x8 is not stack'd, malloc'd or (recently) free'd
==15928== 
==15928== 
==15928== Process terminating with default action of signal 11 (SIGSEGV)
==15928==  Access not within mapped region at address 0x8
==15928==    at 0x1091CB: listLength (main.c:10)
==15928==    by 0x109280: main (main.c:33)
==15928==  If you believe this happened as a result of a stack
==15928==  overflow in your program's main thread (unlikely but
==15928==  possible), you can try to increase the size of the
==15928==  main thread stack using the --main-stacksize= flag.
==15928==  The main thread stack size used in this run was 16777216.
==15928== 
==15928== HEAP SUMMARY:
==15928==     in use at exit: 0 bytes in 0 blocks
==15928==   total heap usage: 5 allocs, 5 frees, 1,088 bytes allocated
==15928== 
==15928== All heap blocks were freed -- no leaks are possible
==15928== 
==15928== ERROR SUMMARY: 6 errors from 6 contexts (suppressed: 0 from 0)
==15928== 
==15928== 1 errors in context 1 of 6:
==15928== Invalid read of size 8
==15928==    at 0x1091CB: listLength (main.c:10)
==15928==    by 0x109280: main (main.c:33)
==15928==  Address 0x8 is not stack'd, malloc'd or (recently) free'd
==15928== 
==15928== 
==15928== 1 errors in context 2 of 6:
==15928== Conditional jump or move depends on uninitialised value(s)
==15928==    at 0x48F56EE: __vfprintf_internal (vfprintf-internal.c:1687)
==15928==    by 0x48DFD3E: printf (printf.c:33)
==15928==    by 0x109260: main (main.c:27)
==15928==  Uninitialised value was created by a stack allocation
==15928==    at 0x1091A9: listLength (main.c:8)
==15928== 
==15928== 
==15928== 1 errors in context 3 of 6:
==15928== Conditional jump or move depends on uninitialised value(s)
==15928==    at 0x48F6228: __vfprintf_internal (vfprintf-internal.c:1687)
==15928==    by 0x48DFD3E: printf (printf.c:33)
==15928==    by 0x109260: main (main.c:27)
==15928==  Uninitialised value was created by a stack allocation
==15928==    at 0x1091A9: listLength (main.c:8)
==15928== 
==15928== 
==15928== 1 errors in context 4 of 6:
==15928== Conditional jump or move depends on uninitialised value(s)
==15928==    at 0x48D96AD: _itoa_word (_itoa.c:179)
==15928==    by 0x48F5574: __vfprintf_internal (vfprintf-internal.c:1687)
==15928==    by 0x48DFD3E: printf (printf.c:33)
==15928==    by 0x109260: main (main.c:27)
==15928==  Uninitialised value was created by a stack allocation
==15928==    at 0x1091A9: listLength (main.c:8)
==15928== 
==15928== 
==15928== 1 errors in context 5 of 6:
==15928== Use of uninitialised value of size 8
==15928==    at 0x48D969B: _itoa_word (_itoa.c:179)
==15928==    by 0x48F5574: __vfprintf_internal (vfprintf-internal.c:1687)
==15928==    by 0x48DFD3E: printf (printf.c:33)
==15928==    by 0x109260: main (main.c:27)
==15928==  Uninitialised value was created by a stack allocation
==15928==    at 0x1091A9: listLength (main.c:8)
==15928== 
==15928== 
==15928== 1 errors in context 6 of 6:
==15928== Conditional jump or move depends on uninitialised value(s)
==15928==    at 0x48F5958: __vfprintf_internal (vfprintf-internal.c:1687)
==15928==    by 0x48DFD3E: printf (printf.c:33)
==15928==    by 0x109260: main (main.c:27)
==15928==  Uninitialised value was created by a stack allocation
==15928==    at 0x1091A9: listLength (main.c:8)
==15928== 
==15928== ERROR SUMMARY: 6 errors from 6 contexts (suppressed: 0 from 0)
