==19302== Memcheck, a memory error detector
==19302== Copyright (C) 2002-2017, and GNU GPL'd, by Julian Seward et al.
==19302== Using Valgrind-3.15.0 and LibVEX; rerun with -h for copyright info
==19302== Command: ./a.out
==19302== 
==19302== Use of uninitialised value of size 8
==19302==    at 0x10917B: createNode (main.c:15)
==19302==    by 0x109198: main (main.c:21)
==19302==  Uninitialised value was created by a stack allocation
==19302==    at 0x109169: createNode (main.c:13)
==19302== 
==19302== 
==19302== Process terminating with default action of signal 11 (SIGSEGV)
==19302==  Bad permissions for mapped region at address 0x109210
==19302==    at 0x10917B: createNode (main.c:15)
==19302==    by 0x109198: main (main.c:21)
==19302== 
==19302== HEAP SUMMARY:
==19302==     in use at exit: 0 bytes in 0 blocks
==19302==   total heap usage: 0 allocs, 0 frees, 0 bytes allocated
==19302== 
==19302== All heap blocks were freed -- no leaks are possible
==19302== 
==19302== ERROR SUMMARY: 1 errors from 1 contexts (suppressed: 0 from 0)
==19302== 
==19302== 1 errors in context 1 of 1:
==19302== Use of uninitialised value of size 8
==19302==    at 0x10917B: createNode (main.c:15)
==19302==    by 0x109198: main (main.c:21)
==19302==  Uninitialised value was created by a stack allocation
==19302==    at 0x109169: createNode (main.c:13)
==19302== 
==19302== ERROR SUMMARY: 1 errors from 1 contexts (suppressed: 0 from 0)
